error: Nov-10-2024 14:14:41: 	400 - Password incorrect
error: Nov-10-2024 15:05:46: 	400 - Invalid token or token expired
error: Nov-10-2024 15:06:41: 	400 - Invalid token or token expired
error: Nov-10-2024 15:06:48: 	400 - Invalid token or token expired
error: Nov-10-2024 15:08:55: 	400 - Invalid token or token expired
error: Nov-14-2024 13:07:26: 	404 - Target not exist
error: Nov-14-2024 13:07:28: 	404 - Target not exist
error: Nov-15-2024 15:42:49: 	409 - Target already exist
error: Nov-17-2024 13:55:29: 	400 - Account doesn't verified
error: Nov-17-2024 17:49:26: 	500 - Password incorrect
error: Nov-17-2024 17:49:48: 	500 - Password incorrect
error: Nov-17-2024 17:53:01: 	500 - Password incorrect
error: Nov-17-2024 17:57:02: 	500 - Password incorrect
error: Nov-17-2024 17:57:06: 	500 - Password incorrect
error: Nov-17-2024 18:08:22: 	500 - Password incorrect
error: Mar-17-2025 20:21:16: 	500 - Target already exist
error: Mar-17-2025 20:21:23: 	500 - Target already exist
error: Mar-17-2025 20:21:24: 	500 - Target already exist
error: Mar-17-2025 20:21:24: 	500 - Target already exist
error: Mar-17-2025 20:21:47: 	500 - Target already exist
error: Mar-17-2025 20:26:28: 	500 - Target already exist
error: Mar-17-2025 20:27:43: 	500 - Target already exist
error: Mar-17-2025 20:27:57: 	500 - Target already exist
error: Mar-17-2025 20:31:58: 	500 - Target already exist
error: Mar-17-2025 20:32:55: 	500 - Target already exist
error: Mar-17-2025 20:36:00: 	500 - Target already exist
error: Mar-18-2025 21:16:39: 	500 - A verification code is already active. Please wait until it expires.
error: Mar-18-2025 21:17:03: 	500 - A verification code is already active. Please wait until it expires.
error: Mar-18-2025 21:31:17: 	500 - Target not exist
error: Mar-18-2025 21:31:18: 	500 - Target not exist
error: Mar-18-2025 21:32:24: 	500 - Target not exist
error: Mar-18-2025 21:32:25: 	500 - Target not exist
error: Mar-18-2025 21:32:32: 	500 - Target not exist
error: Mar-18-2025 21:33:30: 	500 - Target not exist
error: Mar-18-2025 21:33:42: 	500 - Target not exist
error: Mar-18-2025 21:53:28: 	500 - Password incorrect
error: Mar-25-2025 19:51:36: 	500 - Password incorrect
error: Mar-25-2025 19:51:43: 	500 - Password incorrect
error: Mar-25-2025 19:51:55: 	500 - Password incorrect
error: Mar-30-2025 21:07:48: 	500 - Password incorrect
error: Apr-10-2025 11:09:22: 	500 - Password incorrect
error: Apr-10-2025 11:09:25: 	500 - Password incorrect
error: Apr-10-2025 11:09:25: 	500 - Password incorrect
error: Apr-10-2025 11:28:38: 	500 - Target not exist
error: Apr-10-2025 11:28:38: 	500 - Target not exist
error: Apr-10-2025 11:28:38: 	500 - Target not exist
error: Apr-10-2025 11:28:38: 	500 - Target not exist
error: Apr-10-2025 11:28:39: 	500 - Target not exist
error: Apr-10-2025 11:28:39: 	500 - Target not exist
error: Apr-10-2025 11:28:39: 	500 - Target not exist
error: Apr-10-2025 11:28:40: 	500 - Target not exist
error: Apr-10-2025 11:28:45: 	500 - Password incorrect
error: Apr-10-2025 11:28:47: 	500 - Password incorrect
error: Apr-10-2025 11:28:48: 	500 - Password incorrect
error: Apr-10-2025 11:28:48: 	500 - Password incorrect
error: Apr-10-2025 11:32:13: 	500 - Password incorrect
error: Apr-10-2025 11:32:18: 	500 - Target not exist
error: Apr-10-2025 11:35:06: 	500 - Target not exist
error: Apr-11-2025 21:27:48: 	500 - Password incorrect
error: Apr-11-2025 21:27:55: 	500 - Password incorrect
error: Apr-11-2025 21:27:57: 	500 - Password incorrect
error: Apr-11-2025 21:27:58: 	500 - Password incorrect
error: Apr-11-2025 21:27:58: 	500 - Password incorrect
error: Apr-11-2025 21:27:58: 	500 - Password incorrect
error: Apr-11-2025 21:27:58: 	500 - Password incorrect
error: Apr-11-2025 21:27:58: 	500 - Password incorrect
error: Apr-11-2025 21:27:59: 	500 - Password incorrect
error: Apr-11-2025 21:27:59: 	500 - Password incorrect
error: Apr-11-2025 21:27:59: 	500 - Password incorrect
error: Apr-11-2025 21:27:59: 	500 - Password incorrect
error: Apr-11-2025 21:28:16: 	500 - Password incorrect
error: Apr-11-2025 21:28:16: 	500 - Password incorrect
error: Apr-11-2025 21:28:24: 	500 - Password incorrect
error: Apr-13-2025 10:28:18: 	500 - Password incorrect
error: Apr-13-2025 10:28:23: 	500 - Password incorrect
error: Apr-14-2025 14:56:45: 	500 - Password incorrect
error: Apr-15-2025 14:06:07: 	500 - Password incorrect
error: Apr-16-2025 16:02:55: 	500 - Password incorrect
error: Apr-19-2025 11:39:15: 	500 - Password incorrect
error: Apr-19-2025 14:51:18: 	500 - Password incorrect
error: May-06-2025 22:05:28: 	500 - Password incorrect
error: May-06-2025 22:05:38: 	500 - Password incorrect
error: May-06-2025 22:05:48: 	500 - Password incorrect
error: May-06-2025 22:05:54: 	500 - Password incorrect
error: May-06-2025 22:49:53: 	500 - Password incorrect
error: May-07-2025 20:35:31: 	500 - Password incorrect
error: May-07-2025 22:07:14: 	500 - Password incorrect
error: May-08-2025 21:43:51: 	500 - Password incorrect
error: May-09-2025 20:28:09: 	500 - Password incorrect
error: May-12-2025 05:14:57: 	500 - Password incorrect
error: May-12-2025 07:24:31: 	500 - Password incorrect
error: May-12-2025 07:24:33: 	500 - Password incorrect
error: May-12-2025 23:00:02: 	500 - Password incorrect
error: May-13-2025 10:48:14: 	500 - Password incorrect
error: May-13-2025 10:48:16: 	500 - Password incorrect
error: May-13-2025 10:48:24: 	500 - Password incorrect
error: May-13-2025 10:49:20: 	500 - Password incorrect
error: May-13-2025 10:53:16: 	500 - Password incorrect
error: May-13-2025 10:53:16: 	500 - Password incorrect
error: May-13-2025 10:53:19: 	500 - Password incorrect
error: May-13-2025 10:53:45: 	500 - Password incorrect
error: May-13-2025 10:54:36: 	500 - Password incorrect
error: May-13-2025 10:54:38: 	500 - Password incorrect
error: May-13-2025 10:54:38: 	500 - Password incorrect
error: May-13-2025 10:54:47: 	500 - Password incorrect
error: May-13-2025 10:55:04: 	500 - Password incorrect
error: May-13-2025 10:55:06: 	500 - Password incorrect
error: May-13-2025 10:55:07: 	500 - Password incorrect
error: May-13-2025 10:55:17: 	500 - Password incorrect
error: May-13-2025 12:58:10: 	500 - Password incorrect
error: May-13-2025 12:58:15: 	500 - Password incorrect
error: May-13-2025 22:07:54: 	500 - Password incorrect
error: May-14-2025 00:44:46: 	500 - Password incorrect
error: May-14-2025 13:11:25: 	500 - Password incorrect
error: May-15-2025 19:59:44: 	500 - Password incorrect
error: May-16-2025 21:37:25: 	500 - Password incorrect
error: May-18-2025 10:50:07: 	500 - Account doesn't verified
error: May-18-2025 10:50:15: 	500 - Password incorrect
error: May-18-2025 10:50:16: 	500 - Password incorrect
error: May-18-2025 10:50:17: 	500 - Password incorrect
error: May-18-2025 10:50:17: 	500 - Password incorrect
error: May-18-2025 10:50:20: 	500 - Password incorrect
error: May-18-2025 10:50:20: 	500 - Password incorrect
error: May-18-2025 10:50:20: 	500 - Password incorrect
error: May-18-2025 10:50:36: 	500 - Password incorrect
error: May-18-2025 11:12:37: 	500 - Password incorrect
error: May-18-2025 11:23:44: 	500 - Password incorrect
error: May-18-2025 11:25:38: 	500 - Password incorrect
error: May-18-2025 17:43:05: 	500 - Password incorrect
error: May-18-2025 18:06:53: 	500 - Password incorrect
error: May-18-2025 18:09:59: 	500 - Password incorrect
error: May-18-2025 23:41:37: 	500 - Password incorrect
error: May-18-2025 23:41:41: 	500 - Password incorrect
error: May-19-2025 09:35:46: 	500 - Password incorrect
